### ISSUE TITLE
chromium crashes when accessing Xitter

### ISSUE THREAD

**Issue by wezm** [chimera-linux/cports#6130]
I use Chromium to open `x.com` links shared with me, and this one reliably makes it crash:

https://x.com/ev_downunder/status/2095354055807889671

The logs match this thread, but may not be related: https://support.google.com/chrome/thread/462198462/google-chrome-crashes-with-elf-dynamic-array-reader-h-tag-not-found?hl=en-au

stderr output:

```
libva error: /usr/lib/dri/virtio_gpu_drv_video.so init failed
[9716:9716:0904/112857.367529:ERROR:media/gpu/vaapi/vaapi_wrapper.cc:1801] vaInitialize failed: resource allocation failed
[9797:7:0904/112857.428098:ERROR:gpu/ipc/client/command_buffer_proxy_impl.cc:285] ContextResult::kTransientFailure: Failed to send GpuControl.CreateCommandBuffer.
[9780:7:0904/112857.429921:ERROR:gpu/ipc/client/command_buffer_proxy_impl.cc:285] ContextResult::kTransientFailure: Failed to send GpuControl.CreateCommandBuffer.
[9780:7:0904/112857.430256:ERROR:gpu/ipc/client/command_buffer_proxy_impl.cc:285] ContextResult::kTransientFailure: Failed to send GpuControl.CreateCommandBuffer.
[9680:9680:0904/112857.507295:ERROR:components/dbus/xdg/request.cc:173] Request ended (non-user cancelled).
[9680:9703:0904/112859.655384:ERROR:google_apis/gcm/engine/registration_request.cc:291] Registration response error message: DEPRECATED_ENDPOINT
[9716:9716:0904/112901.802398:ERROR:gpu/command_buffer/service/context_group.cc:140] ContextResult::kFatalFailure: WebGL1 blocklisted
[0904/112901.808668:ERROR:third_party/crashpad/crashpad/snapshot/elf/elf_dynamic_array_reader.h:64] tag not found
[0904/112901.810128:WARNING:third_party/crashpad/crashpad/snapshot/linux/process_reader_linux.cc:95] sched_getscheduler: Function not implemented (38)
[0904/112901.810422:WARNING:third_party/crashpad/crashpad/snapshot/linux/process_reader_linux.cc:95] sched_getscheduler: Function not implemented (38)
[0904/112901.810488:WARNING:third_party/crashpad/crashpad/snapshot/linux/process_reader_linux.cc:95] sched_getscheduler: Function not implemented (38)
[0904/112901.810523:WARNING:third_party/crashpad/crashpad/snapshot/linux/process_reader_linux.cc:95] sched_getscheduler: Function not implemented (38)
[0904/112901.810576:WARNING:third_party/crashpad/crashpad/snapshot/linux/process_reader_linux.cc:95] sched_getscheduler: Function not implemented (38)
[0904/112901.810627:WARNING:third_party/crashpad/crashpad/snapshot/linux/process_reader_linux.cc:95] sched_getscheduler: Function not implemented (38)
[0904/112901.810671:WARNING:third_party/crashpad/crashpad/snapshot/linux/process_reader_linux.cc:95] sched_getscheduler: Function not implemented (38)
[0904/112901.810715:WARNING:third_party/crashpad/crashpad/snapshot/linux/process_reader_linux.cc:95] sched_getscheduler: Function not implemented (38)
[0904/112901.810764:WARNING:third_party/crashpad/crashpad/snapshot/linux/process_reader_linux.cc:95] sched_getscheduler: Function not implemented (38)
[0904/112901.810806:WARNING:third_party/crashpad/crashpad/snapshot/linux/process_reader_linux.cc:95] sched_getscheduler: Function not implemented (38)
[0904/112901.810853:WARNING:third_party/crashpad/crashpad/snapshot/linux/process_reader_linux.cc:95] sched_getscheduler: Function not implemented (38)
[0904/112901.810904:WARNING:third_party/crashpad/crashpad/snapshot/linux/process_reader_linux.cc:95] sched_getscheduler: Function not implemented (38)
[0904/112901.810954:WARNING:third_party/crashpad/crashpad/snapshot/linux/process_reader_linux.cc:95] sched_getscheduler: Function not implemented (38)
[0904/112901.810996:WARNING:third_party/crashpad/crashpad/snapshot/linux/process_reader_linux.cc:95] sched_getscheduler: Function not implemented (38)
[0904/112901.811063:WARNING:third_party/crashpad/crashpad/snapshot/linux/process_reader_linux.cc:95] sched_getscheduler: Function not implemented (38)
[0904/112901.811104:WARNING:third_party/crashpad/crashpad/snapshot/linux/process_reader_linux.cc:95] sched_getscheduler: Function not implemented (38)
[0904/112901.811152:WARNING:third_party/crashpad/crashpad/snapshot/linux/process_reader_linux.cc:95] sched_getscheduler: Function not implemented (38)
[0904/112901.811200:WARNING:third_party/crashpad/crashpad/snapshot/linux/process_reader_linux.cc:95] sched_getscheduler: Function not implemented (38)
[0904/112901.811596:WARNING:third_party/crashpad/crashpad/snapshot/linux/process_reader_linux.cc:95] sched_getscheduler: Function not implemented (38)
[0904/112901.811649:WARNING:third_party/crashpad/crashpad/snapshot/linux/process_reader_linux.cc:95] sched_getscheduler: Function not implemented (38)
[0904/112901.811697:WARNING:third_party/crashpad/crashpad/snapshot/linux/process_reader_linux.cc:95] sched_getscheduler: Function not implemented (38)
[0904/112901.811738:WARNING:third_party/crashpad/crashpad/snapshot/linux/process_reader_linux.cc:95] sched_getscheduler: Function not implemented (38)
[0904/112901.811781:WARNING:third_party/crashpad/crashpad/snapshot/linux/process_reader_linux.cc:95] sched_getscheduler: Function not implemented (38)
[0904/112901.812203:ERROR:third_party/crashpad/crashpad/util/file/file_io_posix.cc:145] open /sys/devices/system/cpu/cpu0/cpufreq/scaling_cur_freq: No such file or directory (2)
[0904/112901.812211:ERROR:third_party/crashpad/crashpad/util/file/file_io_posix.cc:145] open /sys/devices/system/cpu/cpu0/cpufreq/scaling_max_freq: No such file or directory (2)
```

I managed to get some info out of the minidumps in `~/.config/chromium/Crash Reports/pending`. Seems like stack overflow.

```
(lldb) bt
* thread #1, name = 'chromium', stop reason = signal SIGTRAP
  * frame #0: 0x000055555973f46d chromium`v8::internal::Isolate::Throw(v8::internal::Tagged<v8::internal::Object>, v8::internal::MessageLocation*, bool) at isolate.cc:2742:3
    frame #1: 0x000055555973f77d chromium`v8::internal::Isolate::StackOverflow() at isolate.cc:2537:3
    frame #2: 0x0000555559c17b2d chromium`v8::internal::Runtime_StackGuardWithGap(int, unsigned long*, v8::internal::Isolate*) at runtime-internal.cc:424:21
    frame #3: 0x000055555749b2b6 chromium`Builtins_CEntry_Return1_ArgvOnStack_NoBuiltinExit + 54
    frame #4: 0x00005555573dd098 chromium`Builtins_MaglevFunctionEntryStackCheck_WithoutNewTarget + 24
(lldb) x/1i $pc
->  0x55555973f46d: ud2
```

`minidump-stackwalk`:

```
Operating system: Linux
                  6.18.48 -0-generic #1 SMP PREEMPT_DYNAMIC Fri Aug 28 09:34:09 UTC 2026 x86_64
CPU: amd64
     family 26 model 68 stepping 0
     16 CPUs

Crash reason:  SIGTRAP / SI_KERNEL
Crash address: 0x0000000000000000
Crashing instruction: `ud2`
No memory accessed by instruction
No instruction pointer update by instruction
Process uptime: 2 seconds

Thread 0 chromium (crashed) - tid: 3001
 0  chromium + 0x41eb46d
     rax = 0x00007ffffffdc000    rdx = 0x0000000000000000
     rcx = 0x00007ffff38f6240    rbx = 0x00007ffffffff000
     rsi = 0x00000a3a021b3879    rdi = 0x000001b400508000
     rbp = 0x00007ffffff08f00    rsp = 0x00007ffffff08da0
      r8 = 0x0000000000000f59     r9 = 0x0000000000000003
     r10 = 0x0000000000000003    r11 = 0x0000000000000004
     r12 = 0x00007ffffff08d90    r13 = 0x00007ffffffdc000
     r14 = 0x00000a3a021b3879    r15 = 0x00007ffff38f6240
     rip = 0x000055555973f46d
    Found by: given as instruction pointer in context
⋮
18026  chromium + 0x1e09015
     rsp = 0x00007fffffffea20    rip = 0x000055555735d016
    Found by: stack scanning
```

This is `chromium-152.0.7977.75-r0` on x86_64. It happens on my laptop and in a VM. The minidump and output of [minidump-stackwalk](https://github.com/rust-minidump/rust-minidump/tree/main/minidump-stackwalk) are attached in case they are useful. 

[chromium-crash.zip](https://github.com/user-attachments/files/31815720/chromium-crash.zip)
